<?xml version="1.0" encoding="UTF-8"?>
<testsuite xmlns:xsi="http://www.w3.org/2001/XMLSchema-instance" xsi:noNamespaceSchemaLocation="https://maven.apache.org/surefire/maven-surefire-plugin/xsd/surefire-test-report-3.0.xsd" version="3.0" name="com.example.rak.RakbackendApplicationTests" time="1.89" tests="1" errors="0" skipped="0" failures="0">
  <properties>
[...]
</properties>
  <testcase name="contextLoads" classname="com.example.rak.RakbackendApplicationTests" time="0.252">
    <system-out><![CDATA[10:37:17.085 [main] INFO org.springframework.test.context.support.AnnotationConfigContextLoaderUtils -- Could not detect default configuration classes for test class [com.example.rak.RakbackendApplicationTests]: RakbackendApplicationTests does not declare any static, non-private, non-final, nested classes annotated with @Configuration.
10:37:17.124 [main] INFO org.springframework.boot.test.context.SpringBootTestContextBootstrapper -- Found @SpringBootConfiguration com.example.rak.RakbackendApplication for test class com.example.rak.RakbackendApplicationTests
10:37:17.184 [main] INFO org.springframework.boot.devtools.restart.RestartApplicationListener -- Restart disabled due to context in which it is running

  .   ____          _            __ _ _
 /\\ / ___'_ __ _ _(_)_ __  __ _ \ \ \ \
( ( )\___ | '_ | '_| | '_ \/ _` | \ \ \ \
 \\/  ___)| |_)| | | | | || (_| |  ) ) ) )
  '  |____| .__|_| |_|_| |_\__, | / / / /
 =========|_|==============|___/=/_/_/_/
 :: Spring Boot ::                (v3.2.9)

2024-09-30T10:37:17.283+04:00  INFO 2010 --- [rakbackend] [           main] c.e.rak.RakbackendApplicationTests       : Starting RakbackendApplicationTests using Java 17.0.11 with PID 2010 (started by sravansasi in /Users/sravansasi/Downloads/backend)
2024-09-30T10:37:17.283+04:00  INFO 2010 --- [rakbackend] [           main] c.e.rak.RakbackendApplicationTests       : No active profile set, falling back to 1 default profile: "default"
2024-09-30T10:37:17.591+04:00  INFO 2010 --- [rakbackend] [           main] .s.d.r.c.RepositoryConfigurationDelegate : Bootstrapping Spring Data JPA repositories in DEFAULT mode.
2024-09-30T10:37:17.612+04:00  INFO 2010 --- [rakbackend] [           main] .s.d.r.c.RepositoryConfigurationDelegate : Finished Spring Data repository scanning in 18 ms. Found 1 JPA repository interface.
2024-09-30T10:37:17.766+04:00  INFO 2010 --- [rakbackend] [           main] com.zaxxer.hikari.HikariDataSource       : HikariPool-1 - Starting...
2024-09-30T10:37:17.835+04:00  INFO 2010 --- [rakbackend] [           main] com.zaxxer.hikari.pool.HikariPool        : HikariPool-1 - Added connection conn0: url=jdbc:h2:mem:testdb user=SA
2024-09-30T10:37:17.836+04:00  INFO 2010 --- [rakbackend] [           main] com.zaxxer.hikari.HikariDataSource       : HikariPool-1 - Start completed.
2024-09-30T10:37:17.852+04:00  INFO 2010 --- [rakbackend] [           main] o.hibernate.jpa.internal.util.LogHelper  : HHH000204: Processing PersistenceUnitInfo [name: default]
2024-09-30T10:37:17.870+04:00  INFO 2010 --- [rakbackend] [           main] org.hibernate.Version                    : HHH000412: Hibernate ORM core version 6.4.10.Final
2024-09-30T10:37:17.880+04:00  INFO 2010 --- [rakbackend] [           main] o.h.c.internal.RegionFactoryInitiator    : HHH000026: Second-level cache disabled
2024-09-30T10:37:17.955+04:00  INFO 2010 --- [rakbackend] [           main] o.s.o.j.p.SpringPersistenceUnitInfo      : No LoadTimeWeaver setup: ignoring JPA class transformer
2024-09-30T10:37:18.248+04:00  INFO 2010 --- [rakbackend] [           main] o.h.e.t.j.p.i.JtaPlatformInitiator       : HHH000489: No JTA platform available (set 'hibernate.transaction.jta.platform' to enable JTA platform integration)
2024-09-30T10:37:18.257+04:00  INFO 2010 --- [rakbackend] [           main] j.LocalContainerEntityManagerFactoryBean : Initialized JPA EntityManagerFactory for persistence unit 'default'
2024-09-30T10:37:18.372+04:00  WARN 2010 --- [rakbackend] [           main] JpaBaseConfiguration$JpaWebConfiguration : spring.jpa.open-in-view is enabled by default. Therefore, database queries may be performed during view rendering. Explicitly configure spring.jpa.open-in-view to disable this warning
2024-09-30T10:37:18.384+04:00  WARN 2010 --- [rakbackend] [           main] .s.s.UserDetailsServiceAutoConfiguration : 

Using generated security password: 2a965c68-6d85-4a6a-8cb9-aa0f0740c688

This generated password is for development use only. Your security configuration must be updated before running your application in production.

2024-09-30T10:37:18.422+04:00  INFO 2010 --- [rakbackend] [           main] o.s.s.web.DefaultSecurityFilterChain     : Will secure any request with [org.springframework.security.web.session.DisableEncodeUrlFilter@6af0407c, org.springframework.security.web.context.request.async.WebAsyncManagerIntegrationFilter@71c1ca1, org.springframework.security.web.context.SecurityContextHolderFilter@3a6409ec, org.springframework.security.web.header.HeaderWriterFilter@13edc1bc, org.springframework.security.web.authentication.logout.LogoutFilter@df04d12, org.springframework.security.web.savedrequest.RequestCacheAwareFilter@32b8992e, org.springframework.security.web.servletapi.SecurityContextHolderAwareRequestFilter@1659d7d, org.springframework.security.web.authentication.AnonymousAuthenticationFilter@20cf3ab3, org.springframework.security.web.access.ExceptionTranslationFilter@fd5c7f6, org.springframework.security.web.access.intercept.AuthorizationFilter@7343d843]
2024-09-30T10:37:18.623+04:00  INFO 2010 --- [rakbackend] [           main] o.s.b.a.h2.H2ConsoleAutoConfiguration    : H2 console available at '/h2-console'. Database available at 'jdbc:h2:mem:testdb'
2024-09-30T10:37:18.654+04:00  INFO 2010 --- [rakbackend] [           main] c.e.rak.RakbackendApplicationTests       : Started RakbackendApplicationTests in 1.475 seconds (process running for 1.856)
]]></system-out>
  </testcase>
</testsuite>